<?xml version="1.0" encoding="UTF-8"?>
<testng-results skipped="0" failed="0" ignored="0" total="1" passed="1">
  <reporter-output>
  </reporter-output>
  <suite name="Default suite" duration-ms="82012" started-at="2020-06-29T22:16:21 IST" finished-at="2020-06-29T22:17:43 IST">
    <groups>
      <group name="cucumber">
        <method signature="AbstractTestNGCucumberTests.feature(cucumber.api.testng.CucumberFeatureWrapper)[pri:0, instance:testRunner.runner@29b5cd00]" name="feature" class="cucumber.api.testng.AbstractTestNGCucumberTests"/>
      </group> <!-- cucumber -->
    </groups>
    <test name="Default test" duration-ms="82012" started-at="2020-06-29T22:16:21 IST" finished-at="2020-06-29T22:17:43 IST">
      <class name="testRunner.runner">
        <test-method status="PASS" signature="setUpClass()[pri:0, instance:testRunner.runner@29b5cd00]" name="setUpClass" is-config="true" duration-ms="172" started-at="2020-06-29T22:16:21 IST" finished-at="2020-06-29T22:16:21 IST">
          <reporter-output>
          </reporter-output>
        </test-method> <!-- setUpClass -->
        <test-method status="PASS" signature="feature(cucumber.api.testng.CucumberFeatureWrapper)[pri:0, instance:testRunner.runner@29b5cd00]" name="feature" duration-ms="81758" started-at="2020-06-29T22:16:21 IST" description="Runs Cucumber Feature" data-provider="features" finished-at="2020-06-29T22:17:43 IST">
          <params>
            <param index="0">
              <value>
                <![CDATA[Jira Application Login]]>
              </value>
            </param>
          </params>
          <reporter-output>
          </reporter-output>
        </test-method> <!-- feature -->
        <test-method status="PASS" signature="tearDownClass()[pri:0, instance:testRunner.runner@29b5cd00]" name="tearDownClass" is-config="true" duration-ms="2" started-at="2020-06-29T22:17:43 IST" finished-at="2020-06-29T22:17:43 IST">
          <reporter-output>
          </reporter-output>
        </test-method> <!-- tearDownClass -->
      </class> <!-- testRunner.runner -->
    </test> <!-- Default test -->
  </suite> <!-- Default suite -->
</testng-results>
